"GET / HTTP/1.1" 200 18473
"GET /static/img/ShareYourDay_line.png HTTP/1.1" 304 0
"GET /static/img/SYD_fabi.ico HTTP/1.1" 200 108767
"GET /index/detail/2/ HTTP/1.1" 200 16076
"GET / HTTP/1.1" 200 18473
"GET /index/detail/2/ HTTP/1.1" 200 16076
"GET / HTTP/1.1" 200 18473
"GET / HTTP/1.1" 200 18473
"GET /static/img/SYD_fabi.ico HTTP/1.1" 200 108767
Watching for file changes with StatReloader
"GET / HTTP/1.1" 200 23488
"GET /static/img/ShareYourDay_line.png HTTP/1.1" 200 14702
"GET /media/images/2019/08/07/test_fh82KdS.png HTTP/1.1" 200 938161
"GET /media/images/2019/08/07/test_CdUwKoV.png HTTP/1.1" 200 938161
"GET /media/images/2019/08/07/test_RhmwAOe.png HTTP/1.1" 200 938161
"GET /media/images/2019/08/07/test_Dyrpy4C.png HTTP/1.1" 200 938161
"GET /media/images/2019/08/07/test_edSGPWj.png HTTP/1.1" 200 938161
"GET /static/img/SYD_fabi.ico HTTP/1.1" 200 108767
"GET / HTTP/1.1" 200 23488
"GET /static/img/SYD_fabi.ico HTTP/1.1" 200 108767
"GET / HTTP/1.1" 200 23571
"GET /static/img/SYD_fabi.ico HTTP/1.1" 200 108767
"GET / HTTP/1.1" 200 24150
"GET /static/img/SYD_fabi.ico HTTP/1.1" 200 108767
"GET /accounts/login/ HTTP/1.1" 200 12395
"GET /static/js/login.js HTTP/1.1" 304 0
"GET /static/css/login.css HTTP/1.1" 304 0
"POST /accounts/login/ HTTP/1.1" 302 0
"GET / HTTP/1.1" 200 24191
"GET /accounts/logout/ HTTP/1.1" 302 0
"GET / HTTP/1.1" 200 24150
"GET /accounts/signup/ HTTP/1.1" 200 11877
"GET /static/css/signup.css HTTP/1.1" 304 0
"GET /static/js/signup.js HTTP/1.1" 304 0
"POST /accounts/signup/ HTTP/1.1" 302 0
"GET / HTTP/1.1" 200 24193
